   1              		.cpu cortex-m4
   2              		.arch armv7e-m
   3              		.fpu softvfp
   4              		.eabi_attribute 20, 1
   5              		.eabi_attribute 21, 1
   6              		.eabi_attribute 23, 3
   7              		.eabi_attribute 24, 1
   8              		.eabi_attribute 25, 1
   9              		.eabi_attribute 26, 1
  10              		.eabi_attribute 30, 4
  11              		.eabi_attribute 34, 1
  12              		.eabi_attribute 18, 4
  13              		.file	"symmetric-shake.c"
  14              		.text
  15              	.Ltext0:
  16              		.cfi_sections	.debug_frame
  17              		.file 1 "symmetric-shake.c"
  18              		.section	.text.kyber_shake128_absorb,"ax",%progbits
  19              		.align	1
  20              		.global	kyber_shake128_absorb
  21              		.syntax unified
  22              		.thumb
  23              		.thumb_func
  25              	kyber_shake128_absorb:
  26              	.LVL0:
  27              	.LFB0:
   1:symmetric-shake.c **** #include <stddef.h>
   2:symmetric-shake.c **** #include <stdint.h>
   3:symmetric-shake.c **** #include <string.h>
   4:symmetric-shake.c **** #include "params.h"
   5:symmetric-shake.c **** #include "symmetric.h"
   6:symmetric-shake.c **** #include "fips202.h"
   7:symmetric-shake.c **** 
   8:symmetric-shake.c **** /*************************************************
   9:symmetric-shake.c **** * Name:        kyber_shake128_absorb
  10:symmetric-shake.c **** *
  11:symmetric-shake.c **** * Description: Absorb step of the SHAKE128 specialized for the Kyber context.
  12:symmetric-shake.c **** *
  13:symmetric-shake.c **** * Arguments:   - keccak_state *state: pointer to (uninitialized) output Keccak state
  14:symmetric-shake.c **** *              - const uint8_t *seed: pointer to KYBER_SYMBYTES input to be absorbed into state
  15:symmetric-shake.c **** *              - uint8_t i: additional byte of input
  16:symmetric-shake.c **** *              - uint8_t j: additional byte of input
  17:symmetric-shake.c **** **************************************************/
  18:symmetric-shake.c **** void kyber_shake128_absorb(keccak_state *state,
  19:symmetric-shake.c ****                            const uint8_t seed[KYBER_SYMBYTES],
  20:symmetric-shake.c ****                            uint8_t x,
  21:symmetric-shake.c ****                            uint8_t y)
  22:symmetric-shake.c **** {
  28              		.loc 1 22 1 view -0
  29              		.cfi_startproc
  30              		@ args = 0, pretend = 0, frame = 40
  31              		@ frame_needed = 0, uses_anonymous_args = 0
  23:symmetric-shake.c ****   uint8_t extseed[KYBER_SYMBYTES+2];
  32              		.loc 1 23 3 view .LVU1
  24:symmetric-shake.c **** 
  25:symmetric-shake.c ****   memcpy(extseed, seed, KYBER_SYMBYTES);
  33              		.loc 1 25 3 view .LVU2
  22:symmetric-shake.c ****   uint8_t extseed[KYBER_SYMBYTES+2];
  34              		.loc 1 22 1 is_stmt 0 view .LVU3
  35 0000 F0B5     		push	{r4, r5, r6, r7, lr}
  36              	.LCFI0:
  37              		.cfi_def_cfa_offset 20
  38              		.cfi_offset 4, -20
  39              		.cfi_offset 5, -16
  40              		.cfi_offset 6, -12
  41              		.cfi_offset 7, -8
  42              		.cfi_offset 14, -4
  43 0002 8BB0     		sub	sp, sp, #44
  44              	.LCFI1:
  45              		.cfi_def_cfa_offset 64
  22:symmetric-shake.c ****   uint8_t extseed[KYBER_SYMBYTES+2];
  46              		.loc 1 22 1 view .LVU4
  47 0004 0646     		mov	r6, r0
  48              		.loc 1 25 3 view .LVU5
  49 0006 0C46     		mov	r4, r1
  50 0008 01AF     		add	r7, sp, #4
  51 000a 01F1200C 		add	ip, r1, #32
  52              	.LVL1:
  53              	.L2:
  54              		.loc 1 25 3 view .LVU6
  55 000e 2068     		ldr	r0, [r4]	@ unaligned
  56 0010 6168     		ldr	r1, [r4, #4]	@ unaligned
  57 0012 3D46     		mov	r5, r7
  58 0014 03C5     		stmia	r5!, {r0, r1}
  59 0016 0834     		adds	r4, r4, #8
  60 0018 6445     		cmp	r4, ip
  61 001a 2F46     		mov	r7, r5
  62 001c F7D1     		bne	.L2
  26:symmetric-shake.c ****   extseed[KYBER_SYMBYTES+0] = x;
  63              		.loc 1 26 3 is_stmt 1 view .LVU7
  64              		.loc 1 26 29 is_stmt 0 view .LVU8
  65 001e 8DF82420 		strb	r2, [sp, #36]
  27:symmetric-shake.c ****   extseed[KYBER_SYMBYTES+1] = y;
  66              		.loc 1 27 3 is_stmt 1 view .LVU9
  28:symmetric-shake.c **** 
  29:symmetric-shake.c ****   shake128_absorb_once(state, extseed, sizeof(extseed));
  67              		.loc 1 29 3 is_stmt 0 view .LVU10
  68 0022 01A9     		add	r1, sp, #4
  69 0024 2222     		movs	r2, #34
  70              	.LVL2:
  71              		.loc 1 29 3 view .LVU11
  72 0026 3046     		mov	r0, r6
  27:symmetric-shake.c ****   extseed[KYBER_SYMBYTES+1] = y;
  73              		.loc 1 27 29 view .LVU12
  74 0028 8DF82530 		strb	r3, [sp, #37]
  75              		.loc 1 29 3 is_stmt 1 view .LVU13
  76 002c FFF7FEFF 		bl	pqcrystals_kyber_fips202_ref_shake128_absorb_once
  77              	.LVL3:
  30:symmetric-shake.c **** }
  78              		.loc 1 30 1 is_stmt 0 view .LVU14
  79 0030 0BB0     		add	sp, sp, #44
  80              	.LCFI2:
  81              		.cfi_def_cfa_offset 20
  82              		@ sp needed
  83 0032 F0BD     		pop	{r4, r5, r6, r7, pc}
  84              		.loc 1 30 1 view .LVU15
  85              		.cfi_endproc
  86              	.LFE0:
  88              		.section	.text.kyber_shake256_prf,"ax",%progbits
  89              		.align	1
  90              		.global	kyber_shake256_prf
  91              		.syntax unified
  92              		.thumb
  93              		.thumb_func
  95              	kyber_shake256_prf:
  96              	.LVL4:
  97              	.LFB1:
  31:symmetric-shake.c **** 
  32:symmetric-shake.c **** /*************************************************
  33:symmetric-shake.c **** * Name:        kyber_shake256_prf
  34:symmetric-shake.c **** *
  35:symmetric-shake.c **** * Description: Usage of SHAKE256 as a PRF, concatenates secret and public input
  36:symmetric-shake.c **** *              and then generates outlen bytes of SHAKE256 output
  37:symmetric-shake.c **** *
  38:symmetric-shake.c **** * Arguments:   - uint8_t *out: pointer to output
  39:symmetric-shake.c **** *              - size_t outlen: number of requested output bytes
  40:symmetric-shake.c **** *              - const uint8_t *key: pointer to the key (of length KYBER_SYMBYTES)
  41:symmetric-shake.c **** *              - uint8_t nonce: single-byte nonce (public PRF input)
  42:symmetric-shake.c **** **************************************************/
  43:symmetric-shake.c **** void kyber_shake256_prf(uint8_t *out, size_t outlen, const uint8_t key[KYBER_SYMBYTES], uint8_t non
  44:symmetric-shake.c **** {
  98              		.loc 1 44 1 is_stmt 1 view -0
  99              		.cfi_startproc
 100              		@ args = 0, pretend = 0, frame = 40
 101              		@ frame_needed = 0, uses_anonymous_args = 0
  45:symmetric-shake.c ****   uint8_t extkey[KYBER_SYMBYTES+1];
 102              		.loc 1 45 3 view .LVU17
  46:symmetric-shake.c **** 
  47:symmetric-shake.c ****   memcpy(extkey, key, KYBER_SYMBYTES);
 103              		.loc 1 47 3 view .LVU18
  44:symmetric-shake.c ****   uint8_t extkey[KYBER_SYMBYTES+1];
 104              		.loc 1 44 1 is_stmt 0 view .LVU19
 105 0000 F0B5     		push	{r4, r5, r6, r7, lr}
 106              	.LCFI3:
 107              		.cfi_def_cfa_offset 20
 108              		.cfi_offset 4, -20
 109              		.cfi_offset 5, -16
 110              		.cfi_offset 6, -12
 111              		.cfi_offset 7, -8
 112              		.cfi_offset 14, -4
 113 0002 8BB0     		sub	sp, sp, #44
 114              	.LCFI4:
 115              		.cfi_def_cfa_offset 64
  44:symmetric-shake.c ****   uint8_t extkey[KYBER_SYMBYTES+1];
 116              		.loc 1 44 1 view .LVU20
 117 0004 0546     		mov	r5, r0
 118 0006 0E46     		mov	r6, r1
 119              		.loc 1 47 3 view .LVU21
 120 0008 01AF     		add	r7, sp, #4
 121 000a 02F1200C 		add	ip, r2, #32
 122              	.LVL5:
 123              	.L5:
 124              		.loc 1 47 3 view .LVU22
 125 000e 1068     		ldr	r0, [r2]	@ unaligned
 126 0010 5168     		ldr	r1, [r2, #4]	@ unaligned
 127 0012 3C46     		mov	r4, r7
 128 0014 03C4     		stmia	r4!, {r0, r1}
 129 0016 0832     		adds	r2, r2, #8
 130 0018 6245     		cmp	r2, ip
 131 001a 2746     		mov	r7, r4
 132 001c F7D1     		bne	.L5
  48:symmetric-shake.c ****   extkey[KYBER_SYMBYTES] = nonce;
 133              		.loc 1 48 3 is_stmt 1 view .LVU23
 134              		.loc 1 48 26 is_stmt 0 view .LVU24
 135 001e 8DF82430 		strb	r3, [sp, #36]
  49:symmetric-shake.c **** 
  50:symmetric-shake.c ****   shake256(out, outlen, extkey, sizeof(extkey));
 136              		.loc 1 50 3 is_stmt 1 view .LVU25
 137 0022 01AA     		add	r2, sp, #4
 138 0024 2123     		movs	r3, #33
 139              	.LVL6:
 140              		.loc 1 50 3 is_stmt 0 view .LVU26
 141 0026 3146     		mov	r1, r6
 142 0028 2846     		mov	r0, r5
 143 002a FFF7FEFF 		bl	pqcrystals_kyber_fips202_ref_shake256
 144              	.LVL7:
  51:symmetric-shake.c **** }
 145              		.loc 1 51 1 view .LVU27
 146 002e 0BB0     		add	sp, sp, #44
 147              	.LCFI5:
 148              		.cfi_def_cfa_offset 20
 149              		@ sp needed
 150 0030 F0BD     		pop	{r4, r5, r6, r7, pc}
 151              		.loc 1 51 1 view .LVU28
 152              		.cfi_endproc
 153              	.LFE1:
 155              		.text
 156              	.Letext0:
 157              		.file 2 "/usr/lib/gcc/arm-none-eabi/13.2.1/include/stddef.h"
 158              		.file 3 "/usr/lib/gcc/arm-none-eabi/13.2.1/include/stdint.h"
 159              		.file 4 "fips202.h"
 160              		.file 5 "/usr/include/newlib/string.h"
DEFINED SYMBOLS
                            *ABS*:00000000 symmetric-shake.c
     /tmp/cc4zqirn.s:19     .text.kyber_shake128_absorb:00000000 $t
     /tmp/cc4zqirn.s:25     .text.kyber_shake128_absorb:00000000 kyber_shake128_absorb
     /tmp/cc4zqirn.s:89     .text.kyber_shake256_prf:00000000 $t
     /tmp/cc4zqirn.s:95     .text.kyber_shake256_prf:00000000 kyber_shake256_prf

UNDEFINED SYMBOLS
pqcrystals_kyber_fips202_ref_shake128_absorb_once
pqcrystals_kyber_fips202_ref_shake256
